<?xml version="1.0" encoding="UTF-8"?>
<testng-results ignored="0" total="1" passed="1" failed="0" skipped="0">
  <reporter-output>
  </reporter-output>
  <suite started-at="2025-08-19T13:40:19 EDT" name="Default suite" finished-at="2025-08-19T13:40:24 EDT" duration-ms="5651">
    <groups>
    </groups>
    <test started-at="2025-08-19T13:40:19 EDT" name="Default test" finished-at="2025-08-19T13:40:24 EDT" duration-ms="5651">
      <class name="alerts.julyAssign1">
        <test-method signature="get()[pri:0, instance:alerts.julyAssign1@16293aa2]" started-at="2025-08-19T13:40:19 EDT" name="get" finished-at="2025-08-19T13:40:24 EDT" duration-ms="5572" status="PASS">
          <reporter-output>
          </reporter-output>
        </test-method> <!-- get -->
      </class> <!-- alerts.julyAssign1 -->
    </test> <!-- Default test -->
  </suite> <!-- Default suite -->
</testng-results>
